This is pdfTeX, Version 3.14159265-2.6-1.40.16 (TeX Live 2015) (preloaded format=pdflatex 2015.5.24)  4 MAY 2017 11:27
entering extended mode
 restricted \write18 enabled.
 file:line:error style messages enabled.
 %&-line parsing enabled.
**paper.tex
(./paper.tex
LaTeX2e <2015/01/01>
Babel <3.9l> and hyphenation patterns for 79 languages loaded.
(/usr/local/texlive/2015/texmf-dist/tex/latex/revtex4/revtex4.cls
Document Class: revtex4 2001/08/02 v4.0 (http://publish.aps.org/revtex4/ for documentation)
 Copyright (c) 2001 The American Physical Society.
 mailto:revtex@aps.org
 Licensed under the LPPL:
http://www.ctan.org/tex-archive/macros/latex/base/lppl.txt
 Arthur Ogawa <ogawa@teleport.com>
 Based on work by David Carlisle <david@dcarlisle.demon.co.uk>.
ltxutil: portions licensed from W. E. Baxter (web@superscript.com)
Class revtex4 Info: Repairing broken LateX \@sect on input line 596.
\intertabularlinepenalty=\count79
\@tbpen=\count80
\@arstrutbox@hline=\box26
Class revtex4 Info: Repairing broken LaTeX \@xbitor on input line 1610.
ltxgrid: portions licensed from W. E. Baxter (web@superscript.com)
\c@linecount=\count81
\output=\toks14
\@protection@box=\box27
\@topmark@saved=\toks15
\footins@saved=\box28
\pagesofar=\box29
\footbox=\box30
\pagegrid@col=\count82
Class revtex4 Info: Incorporating package {textcase}  [1998/11/12 v0.06 Text only upper/lower case changing (DPC)]. on input line 3682.
(/usr/local/texlive/2015/texmf-dist/tex/latex/url/url.sty
\Urlmuskip=\muskip10
Package: url 2013/09/16  ver 3.4  Verb mode for urls, etc.
)
\c@affil=\count83
\absbox=\box31
\c@part=\count84
\c@section=\count85
\c@subsection=\count86
\c@subsubsection=\count87
\c@paragraph=\count88
\c@subparagraph=\count89
\abovecaptionskip=\skip41
\belowcaptionskip=\skip42
\c@figure=\count90
\c@table=\count91
 (/usr/local/texlive/2015/texmf-dist/tex/latex/natbib/natbib.sty
Package: natbib 2010/09/13 8.31b (PWD, AO)
\bibhang=\skip43
\bibsep=\skip44
LaTeX Info: Redefining \cite on input line 694.
\c@NAT@ctr=\count92
)
\widetext@top=\box32
\widetext@bot=\box33
 (/usr/local/texlive/2015/texmf-dist/tex/latex/revtex4/revsymb.sty
Package: revsymb 2001/08/02 v4.0 (http://publish.aps.org/revtex4/ for documentation)
LaTeX Info: Redefining \REV@mathfrak on input line 118.
)) (/usr/local/texlive/2015/texmf-dist/tex/latex/amsfonts/amssymb.sty
Package: amssymb 2013/01/14 v3.01 AMS font symbols
 (/usr/local/texlive/2015/texmf-dist/tex/latex/amsfonts/amsfonts.sty
Package: amsfonts 2013/01/14 v3.01 Basic AMSFonts support
\@emptytoks=\toks16
\symAMSa=\mathgroup4
\symAMSb=\mathgroup5
LaTeX Font Info:    Overwriting math alphabet `\mathfrak' in version `bold'
(Font)                  U/euf/m/n --> U/euf/b/n on input line 106.
LaTeX Info: Redefining \frak on input line 111.
LaTeX Info: Redefining \Bbb on input line 113.
)) (/usr/local/texlive/2015/texmf-dist/tex/latex/amsmath/amsmath.sty
Package: amsmath 2013/01/14 v2.14 AMS math features
\@mathmargin=\skip45

For additional information on amsmath, use the `?' option.
(/usr/local/texlive/2015/texmf-dist/tex/latex/amsmath/amstext.sty
Package: amstext 2000/06/29 v2.01
 (/usr/local/texlive/2015/texmf-dist/tex/latex/amsmath/amsgen.sty
File: amsgen.sty 1999/11/30 v2.0
\@emptytoks=\toks17
\ex@=\dimen102
)) (/usr/local/texlive/2015/texmf-dist/tex/latex/amsmath/amsbsy.sty
Package: amsbsy 1999/11/29 v1.2d
\pmbraise@=\dimen103
) (/usr/local/texlive/2015/texmf-dist/tex/latex/amsmath/amsopn.sty
Package: amsopn 1999/12/14 v2.01 operator names
)
\inf@bad=\count93
LaTeX Info: Redefining \frac on input line 210.
\uproot@=\count94
\leftroot@=\count95
LaTeX Info: Redefining \overline on input line 306.
\classnum@=\count96
\DOTSCASE@=\count97
LaTeX Info: Redefining \ldots on input line 378.
LaTeX Info: Redefining \dots on input line 381.
LaTeX Info: Redefining \cdots on input line 466.
\Mathstrutbox@=\box34
\strutbox@=\box35
\big@size=\dimen104
LaTeX Font Info:    Redeclaring font encoding OML on input line 566.
LaTeX Font Info:    Redeclaring font encoding OMS on input line 567.
\macc@depth=\count98
\c@MaxMatrixCols=\count99
\dotsspace@=\muskip11
\c@parentequation=\count100
\dspbrk@lvl=\count101
\tag@help=\toks18
\row@=\count102
\column@=\count103
\maxfields@=\count104
\andhelp@=\toks19
\eqnshift@=\dimen105
\alignsep@=\dimen106
\tagshift@=\dimen107
\tagwidth@=\dimen108
\totwidth@=\dimen109
\lineht@=\dimen110
\@envbody=\toks20
\multlinegap=\skip46
\multlinetaggap=\skip47
\mathdisplay@stack=\toks21
LaTeX Info: Redefining \[ on input line 2665.
LaTeX Info: Redefining \] on input line 2666.
) (/usr/local/texlive/2015/texmf-dist/tex/latex/revtex4/aps.rtx
File: aps.rtx 2001/08/02 v4.0 (http://publish.aps.org/revtex4/ for documentation)
 (/usr/local/texlive/2015/texmf-dist/tex/latex/revtex4/rmp.rtx
File: rmp.rtx 2001/08/02 v4.0 (http://publish.aps.org/revtex4/ for documentation)
)) (/usr/local/texlive/2015/texmf-dist/tex/latex/revtex4/10pt.rtx
File: 10pt.rtx 2001/08/02 v4.0 (http://publish.aps.org/revtex4/ for documentation)
) (/usr/local/texlive/2015/texmf-dist/tex/latex/graphics/graphicx.sty
Package: graphicx 2014/10/28 v1.0g Enhanced LaTeX Graphics (DPC,SPQR)
 (/usr/local/texlive/2015/texmf-dist/tex/latex/graphics/keyval.sty
Package: keyval 2014/10/28 v1.15 key=value parser (DPC)
\KV@toks@=\toks22
) (/usr/local/texlive/2015/texmf-dist/tex/latex/graphics/graphics.sty
Package: graphics 2014/10/28 v1.0p Standard LaTeX Graphics (DPC,SPQR)
 (/usr/local/texlive/2015/texmf-dist/tex/latex/graphics/trig.sty
Package: trig 1999/03/16 v1.09 sin cos tan (DPC)
) (/usr/local/texlive/2015/texmf-dist/tex/latex/latexconfig/graphics.cfg
File: graphics.cfg 2010/04/23 v1.9 graphics configuration of TeX Live
)
Package graphics Info: Driver file: pdftex.def on input line 94.
 (/usr/local/texlive/2015/texmf-dist/tex/latex/pdftex-def/pdftex.def
File: pdftex.def 2011/05/27 v0.06d Graphics/color for pdfTeX
 (/usr/local/texlive/2015/texmf-dist/tex/generic/oberdiek/infwarerr.sty
Package: infwarerr 2010/04/08 v1.3 Providing info/warning/error messages (HO)
) (/usr/local/texlive/2015/texmf-dist/tex/generic/oberdiek/ltxcmds.sty
Package: ltxcmds 2011/11/09 v1.22 LaTeX kernel commands for general use (HO)
)
\Gread@gobject=\count105
))
\Gin@req@height=\dimen111
\Gin@req@width=\dimen112
) (/usr/local/texlive/2015/texmf-dist/tex/latex/jknapltx/mathrsfs.sty
Package: mathrsfs 1996/01/01 Math RSFS package v1.0 (jk)
\symrsfs=\mathgroup6
) (/usr/local/texlive/2015/texmf-dist/tex/latex/hyperref/hyperref.sty
Package: hyperref 2012/11/06 v6.83m Hypertext links for LaTeX
 (/usr/local/texlive/2015/texmf-dist/tex/generic/oberdiek/hobsub-hyperref.sty
Package: hobsub-hyperref 2012/05/28 v1.13 Bundle oberdiek, subset hyperref (HO)
 (/usr/local/texlive/2015/texmf-dist/tex/generic/oberdiek/hobsub-generic.sty
Package: hobsub-generic 2012/05/28 v1.13 Bundle oberdiek, subset generic (HO)
Package: hobsub 2012/05/28 v1.13 Construct package bundles (HO)
Package hobsub Info: Skipping package `infwarerr' (already loaded).
Package hobsub Info: Skipping package `ltxcmds' (already loaded).
Package: ifluatex 2010/03/01 v1.3 Provides the ifluatex switch (HO)
Package ifluatex Info: LuaTeX not detected.
Package: ifvtex 2010/03/01 v1.5 Detect VTeX and its facilities (HO)
Package ifvtex Info: VTeX not detected.
Package: intcalc 2007/09/27 v1.1 Expandable calculations with integers (HO)
Package: ifpdf 2011/01/30 v2.3 Provides the ifpdf switch (HO)
Package ifpdf Info: pdfTeX in PDF mode is detected.
Package: etexcmds 2011/02/16 v1.5 Avoid name clashes with e-TeX commands (HO)
Package etexcmds Info: Could not find \expanded.
(etexcmds)             That can mean that you are not using pdfTeX 1.50 or
(etexcmds)             that some package has redefined \expanded.
(etexcmds)             In the latter case, load this package earlier.
Package: kvsetkeys 2012/04/25 v1.16 Key value parser (HO)
Package: kvdefinekeys 2011/04/07 v1.3 Define keys (HO)
Package: pdftexcmds 2011/11/29 v0.20 Utility functions of pdfTeX for LuaTeX (HO)
Package pdftexcmds Info: LuaTeX not detected.
Package pdftexcmds Info: \pdf@primitive is available.
Package pdftexcmds Info: \pdf@ifprimitive is available.
Package pdftexcmds Info: \pdfdraftmode found.
Package: pdfescape 2011/11/25 v1.13 Implements pdfTeX's escape features (HO)
Package: bigintcalc 2012/04/08 v1.3 Expandable calculations on big integers (HO)
Package: bitset 2011/01/30 v1.1 Handle bit-vector datatype (HO)
Package: uniquecounter 2011/01/30 v1.2 Provide unlimited unique counter (HO)
)
Package hobsub Info: Skipping package `hobsub' (already loaded).
Package: letltxmacro 2010/09/02 v1.4 Let assignment for LaTeX macros (HO)
Package: hopatch 2012/05/28 v1.2 Wrapper for package hooks (HO)
Package: xcolor-patch 2011/01/30 xcolor patch
Package: atveryend 2011/06/30 v1.8 Hooks at the very end of document (HO)
Package: atbegshi 2011/10/05 v1.16 At begin shipout hook (HO)
Package: refcount 2011/10/16 v3.4 Data extraction from label references (HO)
Package: hycolor 2011/01/30 v1.7 Color options for hyperref/bookmark (HO)
) (/usr/local/texlive/2015/texmf-dist/tex/generic/ifxetex/ifxetex.sty
Package: ifxetex 2010/09/12 v0.6 Provides ifxetex conditional
) (/usr/local/texlive/2015/texmf-dist/tex/latex/oberdiek/auxhook.sty
Package: auxhook 2011/03/04 v1.3 Hooks for auxiliary files (HO)
) (/usr/local/texlive/2015/texmf-dist/tex/latex/oberdiek/kvoptions.sty
Package: kvoptions 2011/06/30 v3.11 Key value format for package options (HO)
)
\@linkdim=\dimen113
\Hy@linkcounter=\count106
\Hy@pagecounter=\count107
 (/usr/local/texlive/2015/texmf-dist/tex/latex/hyperref/pd1enc.def
File: pd1enc.def 2012/11/06 v6.83m Hyperref: PDFDocEncoding definition (HO)
)
\Hy@SavedSpaceFactor=\count108
 (/usr/local/texlive/2015/texmf-dist/tex/latex/latexconfig/hyperref.cfg
File: hyperref.cfg 2002/06/06 v1.2 hyperref configuration of TeXLive
)
Package hyperref Info: Option `colorlinks' set `true' on input line 4319.
Package hyperref Info: Hyper figures OFF on input line 4443.
Package hyperref Info: Link nesting OFF on input line 4448.
Package hyperref Info: Hyper index ON on input line 4451.
Package hyperref Info: Plain pages OFF on input line 4458.
Package hyperref Info: Backreferencing OFF on input line 4463.
Package hyperref Info: Implicit mode ON; LaTeX internals redefined.
Package hyperref Info: Bookmarks ON on input line 4688.
\c@Hy@tempcnt=\count109
LaTeX Info: Redefining \url on input line 5041.
\XeTeXLinkMargin=\dimen114
\Fld@menulength=\count110
\Field@Width=\dimen115
\Fld@charsize=\dimen116
Package hyperref Info: Hyper figures OFF on input line 6295.
Package hyperref Info: Link nesting OFF on input line 6300.
Package hyperref Info: Hyper index ON on input line 6303.
Package hyperref Info: backreferencing OFF on input line 6310.
Package hyperref Info: Link coloring ON on input line 6313.
Package hyperref Info: Link coloring with OCG OFF on input line 6320.
Package hyperref Info: PDF/A mode OFF on input line 6325.
LaTeX Info: Redefining \ref on input line 6365.
LaTeX Info: Redefining \pageref on input line 6369.
\Hy@abspage=\count111
\c@Item=\count112
\c@Hfootnote=\count113
)

Package hyperref Message: Driver (autodetected): hpdftex.

(/usr/local/texlive/2015/texmf-dist/tex/latex/hyperref/hpdftex.def
File: hpdftex.def 2012/11/06 v6.83m Hyperref driver for pdfTeX
\Fld@listcount=\count114
\c@bookmark@seq@number=\count115
 (/usr/local/texlive/2015/texmf-dist/tex/latex/oberdiek/rerunfilecheck.sty
Package: rerunfilecheck 2011/04/15 v1.7 Rerun checks for auxiliary files (HO)
Package uniquecounter Info: New unique counter `rerunfilecheck' on input line 282.
)
\Hy@SectionHShift=\skip48
) (/usr/local/texlive/2015/texmf-dist/tex/latex/xcolor/xcolor.sty
Package: xcolor 2007/01/21 v2.11 LaTeX color extensions (UK)
 (/usr/local/texlive/2015/texmf-dist/tex/latex/latexconfig/color.cfg
File: color.cfg 2007/01/18 v1.5 color configuration of teTeX/TeXLive
)
Package xcolor Info: Driver file: pdftex.def on input line 225.
Package xcolor Info: Model `cmy' substituted by `cmy0' on input line 1337.
Package xcolor Info: Model `hsb' substituted by `rgb' on input line 1341.
Package xcolor Info: Model `RGB' extended on input line 1353.
Package xcolor Info: Model `HTML' substituted by `rgb' on input line 1355.
Package xcolor Info: Model `Hsb' substituted by `hsb' on input line 1356.
Package xcolor Info: Model `tHsb' substituted by `hsb' on input line 1357.
Package xcolor Info: Model `HSB' substituted by `hsb' on input line 1358.
Package xcolor Info: Model `Gray' substituted by `gray' on input line 1359.
Package xcolor Info: Model `wave' substituted by `hsb' on input line 1360.
 (/usr/local/texlive/2015/texmf-dist/tex/latex/graphics/dvipsnam.def
File: dvipsnam.def 2014/10/14 v3.0j Driver-dependent file (DPC,SPQR)
)) (/Users/sihui_tan/Documents/Interferometry-Review/.texpadtmp/paper.aux)
\openout1 = `paper.aux'.

LaTeX Font Info:    Checking defaults for OML/cmm/m/it on input line 18.
LaTeX Font Info:    ... okay on input line 18.
LaTeX Font Info:    Checking defaults for T1/cmr/m/n on input line 18.
LaTeX Font Info:    ... okay on input line 18.
LaTeX Font Info:    Checking defaults for OT1/cmr/m/n on input line 18.
LaTeX Font Info:    ... okay on input line 18.
LaTeX Font Info:    Checking defaults for OMS/cmsy/m/n on input line 18.
LaTeX Font Info:    ... okay on input line 18.
LaTeX Font Info:    Checking defaults for OMX/cmex/m/n on input line 18.
LaTeX Font Info:    ... okay on input line 18.
LaTeX Font Info:    Checking defaults for U/cmr/m/n on input line 18.
LaTeX Font Info:    ... okay on input line 18.
LaTeX Font Info:    Checking defaults for PD1/pdf/m/n on input line 18.
LaTeX Font Info:    ... okay on input line 18.
Class revtex4 Info: Patching LaTeX tabular. on input line 18.
Class revtex4 Info: cite was not loaded (OK!) on input line 18.
Class revtex4 Info: multicol was not loaded (OK!) on input line 18.
 (/usr/local/texlive/2015/texmf-dist/tex/context/base/supp-pdf.mkii
[Loading MPS to PDF converter (version 2006.09.02).]
\scratchcounter=\count116
\scratchdimen=\dimen117
\scratchbox=\box36
\nofMPsegments=\count117
\nofMParguments=\count118
\everyMPshowfont=\toks23
\MPscratchCnt=\count119
\MPscratchDim=\dimen118
\MPnumerator=\count120
\makeMPintoPDFobject=\count121
\everyMPtoPDFconversion=\toks24
) (/usr/local/texlive/2015/texmf-dist/tex/latex/oberdiek/epstopdf-base.sty
Package: epstopdf-base 2010/02/09 v2.5 Base part for package epstopdf
 (/usr/local/texlive/2015/texmf-dist/tex/latex/oberdiek/grfext.sty
Package: grfext 2010/08/19 v1.1 Manage graphics extensions (HO)
)
Package grfext Info: Graphics extension search list:
(grfext)             [.png,.pdf,.jpg,.mps,.jpeg,.jbig2,.jb2,.PNG,.PDF,.JPG,.JPEG,.JBIG2,.JB2,.eps]
(grfext)             \AppendGraphicsExtensions on input line 452.
 (/usr/local/texlive/2015/texmf-dist/tex/latex/latexconfig/epstopdf-sys.cfg
File: epstopdf-sys.cfg 2010/07/13 v1.3 Configuration of (r)epstopdf for TeX Live
))
\AtBeginShipoutBox=\box37


Package hyperref Warning: Height of page (\paperheight) is invalid (0.0pt),
(hyperref)                using 11in.

Package hyperref Info: Link coloring ON on input line 18.
(/usr/local/texlive/2015/texmf-dist/tex/latex/hyperref/nameref.sty
Package: nameref 2012/10/27 v2.43 Cross-referencing by name of section
 (/usr/local/texlive/2015/texmf-dist/tex/generic/oberdiek/gettitlestring.sty
Package: gettitlestring 2010/12/03 v1.4 Cleanup title references (HO)
)
\c@section@level=\count122
)
LaTeX Info: Redefining \ref on input line 18.
LaTeX Info: Redefining \pageref on input line 18.
LaTeX Info: Redefining \nameref on input line 18.
 (/Users/sihui_tan/Documents/Interferometry-Review/.texpadtmp/paper.out) (/Users/sihui_tan/Documents/Interferometry-Review/.texpadtmp/paper.out)
\@outlinefile=\write3
\openout3 = `paper.out'.

LaTeX Font Info:    Try loading font information for U+msa on input line 53.
 (/usr/local/texlive/2015/texmf-dist/tex/latex/amsfonts/umsa.fd
File: umsa.fd 2013/01/14 v3.01 AMS symbols A
)
LaTeX Font Info:    Try loading font information for U+msb on input line 53.
 (/usr/local/texlive/2015/texmf-dist/tex/latex/amsfonts/umsb.fd
File: umsb.fd 2013/01/14 v3.01 AMS symbols B
)
LaTeX Font Info:    Try loading font information for U+rsfs on input line 53.
 (/usr/local/texlive/2015/texmf-dist/tex/latex/jknapltx/ursfs.fd
File: ursfs.fd 1998/03/24 rsfs font definition file (jk)
) (/Users/sihui_tan/Documents/Interferometry-Review/.texpadtmp/paper.toc
Overfull \hbox (3.50012pt too wide) detected at line 28
 \OT1/cmr/m/n/8 10
 []


Overfull \hbox (3.50012pt too wide) detected at line 29
 \OT1/cmr/m/n/8 10
 []


Overfull \hbox (3.50012pt too wide) detected at line 30
 \OT1/cmr/m/n/8 10
 []


Overfull \hbox (3.50012pt too wide) detected at line 31
 \OT1/cmr/m/n/8 10
 []


Overfull \hbox (3.50012pt too wide) detected at line 32
 \OT1/cmr/m/n/8 10
 []

)
\tf@toc=\write4
\openout4 = `paper.toc'.

 [1{/usr/local/texlive/2015/texmf-var/fonts/map/pdftex/updmap/pdftex.map}]

Package hyperref Warning: Difference (2) between bookmark levels is greater 
(hyperref)                than one, level fixed on input line 86.


Underfull \hbox (badness 1728) in paragraph at lines 96--97
[]\OT1/cmr/m/n/10 When phys-i-cally con-struct-ing pro-to-cols based on
 []


Underfull \hbox (badness 1558) in paragraph at lines 96--97
\OT1/cmr/m/n/10 im-por-tant that op-ti-cal com-po-nents be polarisation-
 []

[2] <reck.pdf, id=252, 394.58363pt x 204.78508pt>
File: reck.pdf Graphic file (type pdf)
 <use reck.pdf>
Package pdftex.def Info: reck.pdf used on input line 140.
(pdftex.def)             Requested size: 246.0pt x 127.67162pt.
 [3 <./reck.pdf>] [4]
Missing character: There is no € in font cmr10!
Missing character: There is no   in font cmr10!

Underfull \hbox (badness 1275) in paragraph at lines 204--205
\OT1/cmr/m/n/10 on mul-ti-ple sub-sys-tems with at least three par-ties
 []

<cluster_state.pdf, id=520, 286.30765pt x 242.46686pt>
File: cluster_state.pdf Graphic file (type pdf)
 <use cluster_state.pdf>
Package pdftex.def Info: cluster_state.pdf used on input line 217.
(pdftex.def)             Requested size: 147.6015pt x 125.00316pt.
 [5]

LaTeX Warning: A float is stuck (cannot be placed); try class option [floatfix] on input line 222.

<fusion.pdf, id=567, 270.50322pt x 153.41916pt>
File: fusion.pdf Graphic file (type pdf)
 <use fusion.pdf>
Package pdftex.def Info: fusion.pdf used on input line 226.
(pdftex.def)             Requested size: 172.19925pt x 97.66353pt.
 <full_architecture.pdf, id=572, 286.46323pt x 132.80385pt>
File: full_architecture.pdf Graphic file (type pdf)
 <use full_architecture.pdf>
Package pdftex.def Info: full_architecture.pdf used on input line 249.
(pdftex.def)             Requested size: 246.0pt x 114.04695pt.
 [6 <./cluster_state.pdf> <./fusion.pdf>]

LaTeX Warning: A float is stuck (cannot be placed); try class option [floatfix] on input line 256.

<PBS_TB.pdf, id=750, 212.34843pt x 285.74916pt>
File: PBS_TB.pdf Graphic file (type pdf)
 <use PBS_TB.pdf>
Package pdftex.def Info: PBS_TB.pdf used on input line 260.
(pdftex.def)             Requested size: 172.19925pt x 231.72588pt.


Package natbib Warning: Citation `Rohde' on page 7 undefined on input line 264.

[7 <./full_architecture.pdf> <./PBS_TB.pdf>]
Underfull \hbox (badness 1184) in paragraph at lines 288--289
\OT1/cmr/m/n/10 (SNSPD) which have re-cently be-come com-mer-cially
 []

[8] [9] (/Users/sihui_tan/Documents/Interferometry-Review/.texpadtmp/paper.bbl
Underfull \hbox (badness 4531) in paragraph at lines 92--97
 \OT1/cmr/m/n/9 URL [][]$\OT1/cmtt/m/n/9 http : / / link . aps . org / doi / 10 . 1103 / PhysRevA . 92 .
 []


Underfull \hbox (badness 6157) in paragraph at lines 121--127
 []\OT1/cmr/m/n/9 H. de Guise, D. Spi-vak, J. Kulp, and I. Dhand,
 []


Underfull \hbox (badness 2213) in paragraph at lines 130--141
 \OT1/cmr/m/n/9 A. Buch-leit-ner, and Y.-H. Kim, Pro-ceed-ings of the
 []


Underfull \hbox (badness 10000) in paragraph at lines 130--141
 \OT1/cmr/m/n/9 http://www.pnas.org/content/110/4/1227.full.pdf, URL
 []


Underfull \hbox (badness 4726) in paragraph at lines 244--255
 []\OT1/cmr/m/n/9 M. Lobino, D. Ko-rys-tov, C. Kupchak, E. Figueroa,
 []


Underfull \hbox (badness 10000) in paragraph at lines 244--255
 \OT1/cmr/m/n/9 B. C. Sanders, and A. I. Lvovsky, Sci-
 []


Underfull \hbox (badness 10000) in paragraph at lines 244--255
 \OT1/cmr/m/n/9 ence \OT1/cmr/bx/n/9 322\OT1/cmr/m/n/9 , 563 (2008), ISSN 0036-8075, eprint
 []


Overfull \hbox (12.34763pt too wide) in paragraph at lines 244--255
 \OT1/cmr/m/n/9 http://science.sciencemag.org/content/322/5901/563.full.pdf,
 []


Underfull \hbox (badness 10000) in paragraph at lines 244--255
 \OT1/cmr/m/n/9 URL [][]$\OT1/cmtt/m/n/9 http : / / science . sciencemag . org / content / 322 /
 []


Underfull \hbox (badness 1297) in paragraph at lines 259--269
 []\OT1/cmr/m/n/9 S. Rahimi-Keshari, A. Scherer, A. Mann, A. T. Reza-
 []


Underfull \hbox (badness 10000) in paragraph at lines 273--285
 \OT1/cmtt/m/n/9 / / www . degruyter . com / view / j / nanoph . ahead-[]of-[]print /
 []

[10]
Underfull \hbox (badness 2846) in paragraph at lines 317--327
 []\OT1/cmr/m/n/9 N. Spag-nolo, E. Maior-ino, C. Vitelli, M. Ben-tivegna,
 []

Missing character: There is no Ã in font cmr9!
Missing character: There is no ¤ in font cmr9!

Underfull \hbox (badness 5954) in paragraph at lines 339--346
 []\OT1/cmr/m/n/9 R. Heil-mann, M. Grfe, S. Nolte, and A. Sza-meit,
 []


Underfull \hbox (badness 4686) in paragraph at lines 339--346
 \OT1/cmr/m/n/9 Sci-ence Bul-letin \OT1/cmr/bx/n/9 60\OT1/cmr/m/n/9 , 96  (2015), ISSN 2095-9273,
 []


Underfull \hbox (badness 2027) in paragraph at lines 451--462
 \OT1/cmr/m/n/9 P. Petroff, and J. Vu^^Tckovi^^Sc, Phys. Rev. Lett. \OT1/cmr/bx/n/9 104\OT1/cmr/m/n/9 ,
 []


Underfull \hbox (badness 6825) in paragraph at lines 451--462
 \OT1/cmr/m/n/9 073904 (2010), URL [][]$\OT1/cmtt/m/n/9 https : / / link . aps . org / doi / 10 .
 []


Underfull \hbox (badness 3250) in paragraph at lines 482--491
 []\OT1/cmr/m/n/9 H. Jayaku-mar, A. Pre-do-jevi^^Sc, T. Hu-ber, T. Kauten,
 []


Underfull \hbox (badness 4832) in paragraph at lines 482--491
 \OT1/cmr/m/n/9 G. S. Solomon, and G. Weihs, Phys. Rev. Lett.
 []

Missing character: There is no Ã in font cmr9!
Missing character: There is no ¶ in font cmr9!

Underfull \hbox (badness 1769) in paragraph at lines 494--508
 []\OT1/cmr/m/n/9 Y.-J. Wei, Y.-M. He, M.-C. Chen, Y.-N. Hu, Y. He,
 []


Underfull \hbox (badness 1708) in paragraph at lines 608--614
 []\OT1/cmr/m/n/9 Y.-H. Kim, S. P. Ku-lik, and Y. Shih, Phys. Rev. A
 []


Underfull \hbox (badness 1546) in paragraph at lines 681--693
 []\OT1/cmr/m/n/9 C. Wa-genknecht, C.-M. Li, A. Re-in-gru-ber, X.-H. Bao,
 []


Underfull \hbox (badness 1189) in paragraph at lines 740--750
 \OT1/cmr/m/n/9 and M. []Zukowski, Rev. Mod. Phys. \OT1/cmr/bx/n/9 84\OT1/cmr/m/n/9 , 777 (2012),
 []


Underfull \hbox (badness 4531) in paragraph at lines 740--750
 \OT1/cmr/m/n/9 URL [][]$\OT1/cmtt/m/n/9 https : / / link . aps . org / doi / 10 . 1103 / RevModPhys .
 []

[11]
Underfull \hbox (badness 3954) in paragraph at lines 829--837
 \OT1/cmr/m/n/9 Opt. Ex-press \OT1/cmr/bx/n/9 15\OT1/cmr/m/n/9 , 14539 (2007), URL [][]$\OT1/cmtt/m/n/9 http : / / www .
 []


Underfull \hbox (badness 1342) in paragraph at lines 840--848
 []\OT1/cmr/m/n/9 D. A. Kalash-nikov, S.-H. Tan, T. S. Iskhakov, M. V.
 []


Underfull \hbox (badness 1067) in paragraph at lines 840--848
 \OT1/cmr/m/n/9 Chekhova, and L. A. Kriv-it-sky, Opt. Lett. \OT1/cmr/bx/n/9 37\OT1/cmr/m/n/9 , 2829
 []


Underfull \hbox (badness 10000) in paragraph at lines 840--848
 \OT1/cmr/m/n/9 (2012), URL [][]$\OT1/cmtt/m/n/9 http : / / ol . osa . org / abstract . cfm ? URI =
 []


Underfull \hbox (badness 3525) in paragraph at lines 850--855
 []\OT1/cmr/m/n/9 D. J. Brod and J. Combes, Phys. Rev. Lett. \OT1/cmr/bx/n/9 117\OT1/cmr/m/n/9 ,
 []


Underfull \hbox (badness 6825) in paragraph at lines 850--855
 \OT1/cmr/m/n/9 080502 (2016), URL [][]$\OT1/cmtt/m/n/9 https : / / link . aps . org / doi / 10 .
 []


Underfull \hbox (badness 3407) in paragraph at lines 930--941
 \OT1/cmr/m/n/9 J. Fiur^^Sa^^Tsek, Phys. Rev. Lett. \OT1/cmr/bx/n/9 100\OT1/cmr/m/n/9 , 180501 (2008),
 []


Underfull \hbox (badness 4621) in paragraph at lines 944--959
 \OT1/cmr/m/n/9 genknecht, Q. Zhang, B. Zhao, C.-Z. Peng, Z.-B.
 []


Underfull \hbox (badness 3078) in paragraph at lines 944--959
 \OT1/cmr/m/n/9 Chen, Y.-A. Chen, et al., Pro-ceed-ings of the Na-
 []


Underfull \hbox (badness 2790) in paragraph at lines 1011--1023
 \OT1/cmr/m/n/9 M. Je^^Tzek, and J. Fiur^^Sa^^Tsek, Phys. Rev. Lett. \OT1/cmr/bx/n/9 111\OT1/cmr/m/n/9 ,
 []


Underfull \hbox (badness 6825) in paragraph at lines 1011--1023
 \OT1/cmr/m/n/9 160407 (2013), URL [][]$\OT1/cmtt/m/n/9 https : / / link . aps . org / doi / 10 .
 []


Underfull \hbox (badness 2293) in paragraph at lines 1026--1035
 []\OT1/cmr/m/n/9 R. B. Pa-tel, J. Ho, F. Fer-rey-rol, T. C. Ralph, and
 []


Underfull \hbox (badness 7613) in paragraph at lines 1026--1035
 \OT1/cmr/m/n/9 G. J. Pryde, Sci-ence Ad-vances \OT1/cmr/bx/n/9 2 \OT1/cmr/m/n/9 (2016), eprint
 []


Overfull \hbox (19.79897pt too wide) in paragraph at lines 1026--1035
 \OT1/cmr/m/n/9 http://advances.sciencemag.org/content/2/3/e1501531.full.pdf,
 []


Underfull \hbox (badness 10000) in paragraph at lines 1026--1035
 \OT1/cmr/m/n/9 URL [][]$\OT1/cmtt/m/n/9 http : / / advances . sciencemag . org / content / 2 / 3 /
 []


Underfull \hbox (badness 2856) in paragraph at lines 1064--1068
 []\OT1/cmr/m/n/9 J. Gea-Banacloche, Phys. Rev. A \OT1/cmr/bx/n/9 81\OT1/cmr/m/n/9 , 043823 (2010),
 []


Underfull \hbox (badness 1609) in paragraph at lines 1072--1085
 []\OT1/cmr/m/n/9 I.-C. Hoi, A. F. Kockum, T. Palo-maki, T. M. Stace,
 []


Underfull \hbox (badness 10000) in paragraph at lines 1107--1115
 \OT1/cmr/m/n/9 URL [][]$\OT1/cmtt/m/n/9 http : / / www . pnas . org / content / 113 / 35 / 9740 .
 []


Underfull \hbox (badness 10000) in paragraph at lines 1150--1164
 []\OT1/cmr/m/n/9 J. Car-olan, C. Har-rold, C. Spar-row, E. Mart^^S^^Pn-
 []


Underfull \hbox (badness 10000) in paragraph at lines 1150--1164
 \OT1/cmr/m/n/9 L^^Sopez, N. J. Rus-sell, J. W. Sil-ver-stone, P. J.
 []


Underfull \hbox (badness 10000) in paragraph at lines 1150--1164
 \OT1/cmr/m/n/9 Shad-bolt, N. Mat-suda, M. Oguma, M. Itoh,
 []


Underfull \hbox (badness 10000) in paragraph at lines 1150--1164
 \OT1/cmr/m/n/9 et al., Sci-ence (2015), ISSN 0036-8075, eprint
 []


Overfull \hbox (95.42274pt too wide) in paragraph at lines 1150--1164
 \OT1/cmr/m/n/9 http://science.sciencemag.org/content/early/2015/07/08/science.aab3642.full.pdf,
 []


Underfull \hbox (badness 4531) in paragraph at lines 1150--1164
 \OT1/cmr/m/n/9 URL [][]$\OT1/cmtt/m/n/9 http : / / science . sciencemag . org / content / early /
 []


Underfull \hbox (badness 2005) in paragraph at lines 1186--1199
 []\OT1/cmr/m/n/9 J. W. Sil-ver-stone, D. Bon-neau, K. Ohira, N. Suzuki,
 []

[12]
Underfull \hbox (badness 6047) in paragraph at lines 1202--1213
 []\OT1/cmr/m/n/9 R. Prevedel, P. Walther, F. Tiefen-bacher, P. Bohi,
 []


Underfull \hbox (badness 1527) in paragraph at lines 1202--1213
 \OT1/cmr/m/n/9 R. Kaltenbaek, T. Jen-newein, and A. Zeilinger, Na-
 []

)

Package natbib Warning: There were undefined citations.

Package atveryend Info: Empty hook `BeforeClearDocument' on input line 358.
Package atveryend Info: Empty hook `AfterLastShipout' on input line 358.
[13] (/Users/sihui_tan/Documents/Interferometry-Review/.texpadtmp/paper.aux)
Package atveryend Info: Executing hook `AtVeryEndDocument' on input line 358.
Package atveryend Info: Executing hook `AtEndAfterFileList' on input line 358.
Package rerunfilecheck Info: File `paper.out' has not changed.
(rerunfilecheck)             Checksum: <no file>.
 ) 
Here is how much of TeX's memory you used:
 8539 strings out of 493089
 121982 string characters out of 6134842
 260810 words of memory out of 5000000
 11750 multiletter control sequences out of 15000+600000
 15739 words of font info for 62 fonts, out of 8000000 for 9000
 1141 hyphenation exceptions out of 8191
 32i,16n,35p,1270b,684s stack positions out of 5000i,500n,10000p,200000b,80000s
</usr/local/texlive/2015/texmf-dist/fonts/type1/public/amsfonts/cm/cmbx10.pfb></usr/local/texlive/2015/texmf-dist/fonts/type1/public/amsfonts/cm/cmbx8.pfb></usr/local/texlive/2015/texmf-dist/fonts/type1/public/amsfonts/cm/cmbx9.pfb></usr/local/texlive/2015/texmf-dist/fonts/type1/public/amsfonts/cm/cmcsc10.pfb></usr/local/texlive/2015/texmf-dist/fonts/type1/public/amsfonts/cm/cmex10.pfb></usr/local/texlive/2015/texmf-dist/fonts/type1/public/amsfonts/cm/cmmi10.pfb></usr/local/texlive/2015/texmf-dist/fonts/type1/public/amsfonts/cm/cmmi5.pfb></usr/local/texlive/2015/texmf-dist/fonts/type1/public/amsfonts/cm/cmmi7.pfb></usr/local/texlive/2015/texmf-dist/fonts/type1/public/amsfonts/cm/cmmi9.pfb></usr/local/texlive/2015/texmf-dist/fonts/type1/public/amsfonts/cm/cmr10.pfb></usr/local/texlive/2015/texmf-dist/fonts/type1/public/amsfonts/cm/cmr5.pfb></usr/local/texlive/2015/texmf-dist/fonts/type1/public/amsfonts/cm/cmr7.pfb></usr/local/texlive/2015/texmf-dist/fonts/type1/public/amsfonts/cm/cmr8.pfb></usr/local/texlive/2015/texmf-dist/fonts/type1/public/amsfonts/cm/cmr9.pfb></usr/local/texlive/2015/texmf-dist/fonts/type1/public/amsfonts/cm/cmss10.pfb></usr/local/texlive/2015/texmf-dist/fonts/type1/public/amsfonts/cm/cmss8.pfb></usr/local/texlive/2015/texmf-dist/fonts/type1/public/amsfonts/cm/cmss9.pfb></usr/local/texlive/2015/texmf-dist/fonts/type1/public/amsfonts/cm/cmssbx10.pfb></usr/local/texlive/2015/texmf-dist/fonts/type1/public/amsfonts/cm/cmssi8.pfb></usr/local/texlive/2015/texmf-dist/fonts/type1/public/amsfonts/cm/cmssi9.pfb></usr/local/texlive/2015/texmf-dist/fonts/type1/public/amsfonts/cm/cmsy10.pfb></usr/local/texlive/2015/texmf-dist/fonts/type1/public/amsfonts/cm/cmsy6.pfb></usr/local/texlive/2015/texmf-dist/fonts/type1/public/amsfonts/cm/cmsy7.pfb></usr/local/texlive/2015/texmf-dist/fonts/type1/public/amsfonts/cm/cmsy9.pfb></usr/local/texlive/2015/texmf-dist/fonts/type1/public/amsfonts/cm/cmti10.pfb></usr/local/texlive/2015/texmf-dist/fonts/type1/public/amsfonts/cm/cmti9.pfb></usr/local/texlive/2015/texmf-dist
/fonts/type1/public/amsfonts/cm/cmtt8.pfb></usr/local/texlive/2015/texmf-dist/fonts/type1/public/amsfonts/cm/cmtt9.pfb>
Output written on /Users/sihui_tan/Documents/Interferometry-Review/.texpadtmp/paper.pdf (13 pages, 1062306 bytes).
PDF statistics:
 1406 PDF objects out of 1440 (max. 8388607)
 1128 compressed objects within 12 object streams
 164 named destinations out of 1000 (max. 500000)
 266 words of extra memory for PDF output out of 10000 (max. 10000000)

