\BOOKMARK [1][-]{section*.1}{Contents}{}% 1
\BOOKMARK [1][-]{section*.2}{Introduction}{}% 2
\BOOKMARK [1][-]{section*.3}{Mathematical Background}{}% 3
\BOOKMARK [1][-]{section*.4}{Optical Encoding of Quantum Information}{}% 4
\BOOKMARK [2][-]{section*.5}{Single-Photons}{section*.4}% 5
\BOOKMARK [3][-]{section*.6}{Polarisation}{section*.5}% 6
\BOOKMARK [3][-]{section*.7}{Dual-Rail}{section*.5}% 7
\BOOKMARK [3][-]{section*.8}{Time-Bins}{section*.5}% 8
\BOOKMARK [2][-]{section*.9}{Continuous-Variables}{section*.4}% 9
\BOOKMARK [3][-]{section*.10}{Coherent States}{section*.9}% 10
\BOOKMARK [3][-]{section*.11}{Squeezed States}{section*.9}% 11
\BOOKMARK [1][-]{section*.12}{Efficient Circuit Decompositions of Linear Optics Networks}{}% 12
\BOOKMARK [1][-]{section*.13}{Experimental Implementation}{}% 13
\BOOKMARK [2][-]{section*.14}{State Preparation}{section*.13}% 14
\BOOKMARK [3][-]{section*.15}{Single-Photons}{section*.14}% 15
\BOOKMARK [3][-]{section*.16}{Bell Pairs}{section*.14}% 16
\BOOKMARK [3][-]{section*.17}{Coherent States}{section*.14}% 17
\BOOKMARK [3][-]{section*.18}{Squeezed States}{section*.14}% 18
\BOOKMARK [2][-]{section*.19}{Linear Optics Networks}{section*.13}% 19
\BOOKMARK [3][-]{section*.20}{Bulk Optics}{section*.19}% 20
\BOOKMARK [3][-]{section*.21}{Waveguides}{section*.19}% 21
\BOOKMARK [3][-]{section*.22}{Time-Bins}{section*.19}% 22
\BOOKMARK [2][-]{section*.23}{Measurement}{section*.13}% 23
\BOOKMARK [3][-]{section*.24}{Photodetection}{section*.23}% 24
\BOOKMARK [3][-]{section*.25}{Homodyning}{section*.23}% 25
\BOOKMARK [1][-]{section*.26}{Applications for Linear Optics Interferometry}{}% 26
\BOOKMARK [2][-]{section*.27}{Linear Optics Quantum Computation}{section*.26}% 27
\BOOKMARK [2][-]{section*.28}{Boson-Sampling}{section*.26}% 28
\BOOKMARK [2][-]{section*.29}{Quantum Metrology}{section*.26}% 29
\BOOKMARK [2][-]{section*.30}{Encrypted Quantum Computation}{section*.26}% 30
\BOOKMARK [1][-]{section*.31}{State of the Art}{}% 31
\BOOKMARK [1][-]{section*.32}{Conclusion}{}% 32
\BOOKMARK [1][-]{section*.33}{Acknowledgments}{}% 33
